Mon Nov 12 16:57:09 [initandlisten] MongoDB starting : pid=63110 port=27017 dbpath=/Users/asarawgi/backbone-full-stack/data/ 64-bit host=YELP-ADITYA-2.local
Mon Nov 12 16:57:09 [initandlisten] db version v2.2.0, pdfile version 4.5
Mon Nov 12 16:57:09 [initandlisten] git version: f5e83eae9cfbec7fb7a071321928f00d1b0c5207
Mon Nov 12 16:57:09 [initandlisten] build info: Darwin bs-osx-106-x86-64-1.local 10.8.0 Darwin Kernel Version 10.8.0: Tue Jun  7 16:33:36 PDT 2011; root:xnu-1504.15.3~1/RELEASE_I386 i386 BOOST_LIB_VERSION=1_49
Mon Nov 12 16:57:09 [initandlisten] options: { bind_ip: "127.0.0.1", config: "/usr/local/etc/mongod.conf", dbpath: "data/", fork: true, logappend: "true", logpath: "data/mongod.log" }
Mon Nov 12 16:57:09 [initandlisten] journal dir=/Users/asarawgi/backbone-full-stack/data/journal
Mon Nov 12 16:57:09 [initandlisten] recover : no journal files present, no recovery needed
Mon Nov 12 16:57:09 [websvr] ERROR: listen(): bind() failed errno:48 Address already in use for socket: 127.0.0.1:28017
Mon Nov 12 16:57:09 [initandlisten] ERROR: listen(): bind() failed errno:48 Address already in use for socket: 127.0.0.1:27017
Mon Nov 12 16:57:09 [websvr] ERROR:   addr already in use
Mon Nov 12 16:57:09 [initandlisten] ERROR:   addr already in use
Mon Nov 12 16:57:09 [initandlisten] now exiting
Mon Nov 12 16:57:09 dbexit: 
Mon Nov 12 16:57:09 [initandlisten] shutdown: going to close listening sockets...
Mon Nov 12 16:57:09 [initandlisten] shutdown: going to flush diaglog...
Mon Nov 12 16:57:09 [initandlisten] shutdown: going to close sockets...
Mon Nov 12 16:57:09 [initandlisten] shutdown: waiting for fs preallocator...
Mon Nov 12 16:57:09 [initandlisten] shutdown: lock for final commit...
Mon Nov 12 16:57:09 [initandlisten] shutdown: final commit...
Mon Nov 12 16:57:09 [initandlisten] shutdown: closing all files...
Mon Nov 12 16:57:09 [initandlisten] closeAllFiles() finished
Mon Nov 12 16:57:09 [initandlisten] journalCleanup...
Mon Nov 12 16:57:09 [initandlisten] removeJournalFiles
Mon Nov 12 16:57:09 [initandlisten] shutdown: removing fs lock...
Mon Nov 12 16:57:09 dbexit: really exiting now


***** SERVER RESTARTED *****


Mon Nov 12 17:16:20 [initandlisten] MongoDB starting : pid=63251 port=27017 dbpath=/Users/asarawgi/backbone-full-stack/data/ 64-bit host=YELP-ADITYA-2.local
Mon Nov 12 17:16:20 [initandlisten] db version v2.2.0, pdfile version 4.5
Mon Nov 12 17:16:20 [initandlisten] git version: f5e83eae9cfbec7fb7a071321928f00d1b0c5207
Mon Nov 12 17:16:20 [initandlisten] build info: Darwin bs-osx-106-x86-64-1.local 10.8.0 Darwin Kernel Version 10.8.0: Tue Jun  7 16:33:36 PDT 2011; root:xnu-1504.15.3~1/RELEASE_I386 i386 BOOST_LIB_VERSION=1_49
Mon Nov 12 17:16:20 [initandlisten] options: { bind_ip: "127.0.0.1", config: "/usr/local/etc/mongod.conf", dbpath: "data/", fork: true, logappend: "true", logpath: "data/mongod.log" }
Mon Nov 12 17:16:20 [initandlisten] journal dir=/Users/asarawgi/backbone-full-stack/data/journal
Mon Nov 12 17:16:20 [initandlisten] recover : no journal files present, no recovery needed
Mon Nov 12 17:16:20 [initandlisten] ERROR: listen(): bind() failed errno:48 Address already in use for socket: 127.0.0.1:27017
Mon Nov 12 17:16:20 [websvr] ERROR: listen(): bind() failed errno:48 Address already in use for socket: 127.0.0.1:28017
Mon Nov 12 17:16:20 [websvr] ERROR:   addr already in use
Mon Nov 12 17:16:20 [initandlisten] ERROR:   addr already in use
Mon Nov 12 17:16:20 [initandlisten] now exiting
Mon Nov 12 17:16:20 dbexit: 
Mon Nov 12 17:16:20 [initandlisten] shutdown: going to close listening sockets...
Mon Nov 12 17:16:20 [initandlisten] shutdown: going to flush diaglog...
Mon Nov 12 17:16:20 [initandlisten] shutdown: going to close sockets...
Mon Nov 12 17:16:20 [initandlisten] shutdown: waiting for fs preallocator...
Mon Nov 12 17:16:20 [initandlisten] shutdown: lock for final commit...
Mon Nov 12 17:16:20 [initandlisten] shutdown: final commit...
Mon Nov 12 17:16:20 [initandlisten] shutdown: closing all files...
Mon Nov 12 17:16:20 [initandlisten] closeAllFiles() finished
Mon Nov 12 17:16:20 [initandlisten] journalCleanup...
Mon Nov 12 17:16:20 [initandlisten] removeJournalFiles
Mon Nov 12 17:16:20 [initandlisten] shutdown: removing fs lock...
Mon Nov 12 17:16:20 dbexit: really exiting now
